number of genes: 16598
number of nodes: 534
Overlap: 483
10, 5, -2.0 - C: 67, E: 37, O: 379
10, 5, -1.0 - C: 76, E: 31, O: 376
10, 5, 0.0 - C: 76, E: 31, O: 376
10, 5, 1.0 - C: 86, E: 29, O: 368
10, 5, 2.0 - C: 89, E: 25, O: 369
10, 6, -2.0 - C: 65, E: 37, O: 381
10, 6, -1.0 - C: 74, E: 31, O: 378
10, 6, 0.0 - C: 74, E: 31, O: 378
10, 6, 1.0 - C: 84, E: 29, O: 370
10, 6, 2.0 - C: 88, E: 25, O: 370
10, 7, -2.0 - C: 64, E: 36, O: 383
10, 7, -1.0 - C: 72, E: 31, O: 380
10, 7, 0.0 - C: 73, E: 31, O: 379
10, 7, 1.0 - C: 83, E: 29, O: 371
10, 7, 2.0 - C: 87, E: 25, O: 371
10, 8, -2.0 - C: 60, E: 35, O: 388
10, 8, -1.0 - C: 69, E: 31, O: 383
10, 8, 0.0 - C: 71, E: 31, O: 381
10, 8, 1.0 - C: 81, E: 29, O: 373
10, 8, 2.0 - C: 85, E: 25, O: 373
10, 9, -2.0 - C: 57, E: 35, O: 391
10, 9, -1.0 - C: 67, E: 31, O: 385
10, 9, 0.0 - C: 71, E: 31, O: 381
10, 9, 1.0 - C: 81, E: 28, O: 374
10, 9, 2.0 - C: 83, E: 25, O: 375
10, 10, -2.0 - C: 52, E: 32, O: 399
10, 10, -1.0 - C: 62, E: 28, O: 393
10, 10, 0.0 - C: 66, E: 29, O: 388
10, 10, 1.0 - C: 74, E: 25, O: 384
10, 10, 2.0 - C: 75, E: 24, O: 384
20, 5, -2.0 - C: 67, E: 31, O: 385
20, 5, -1.0 - C: 76, E: 27, O: 380
20, 5, 0.0 - C: 76, E: 26, O: 381
20, 5, 1.0 - C: 86, E: 23, O: 374
20, 5, 2.0 - C: 89, E: 20, O: 374
20, 6, -2.0 - C: 65, E: 31, O: 387
20, 6, -1.0 - C: 74, E: 27, O: 382
20, 6, 0.0 - C: 74, E: 26, O: 383
20, 6, 1.0 - C: 84, E: 23, O: 376
20, 6, 2.0 - C: 88, E: 20, O: 375
20, 7, -2.0 - C: 64, E: 31, O: 388
20, 7, -1.0 - C: 72, E: 27, O: 384
20, 7, 0.0 - C: 73, E: 26, O: 384
20, 7, 1.0 - C: 83, E: 23, O: 377
20, 7, 2.0 - C: 87, E: 20, O: 376
20, 8, -2.0 - C: 60, E: 30, O: 393
20, 8, -1.0 - C: 69, E: 27, O: 387
20, 8, 0.0 - C: 71, E: 26, O: 386
20, 8, 1.0 - C: 81, E: 23, O: 379
20, 8, 2.0 - C: 85, E: 20, O: 378
20, 9, -2.0 - C: 57, E: 30, O: 396
20, 9, -1.0 - C: 67, E: 27, O: 389
20, 9, 0.0 - C: 71, E: 26, O: 386
20, 9, 1.0 - C: 81, E: 22, O: 380
20, 9, 2.0 - C: 83, E: 20, O: 380
20, 10, -2.0 - C: 52, E: 27, O: 404
20, 10, -1.0 - C: 62, E: 24, O: 397
20, 10, 0.0 - C: 66, E: 24, O: 393
20, 10, 1.0 - C: 74, E: 19, O: 390
20, 10, 2.0 - C: 75, E: 19, O: 389
30, 5, -2.0 - C: 67, E: 24, O: 392
30, 5, -1.0 - C: 76, E: 22, O: 385
30, 5, 0.0 - C: 76, E: 21, O: 386
30, 5, 1.0 - C: 86, E: 17, O: 380
30, 5, 2.0 - C: 89, E: 15, O: 379
30, 6, -2.0 - C: 65, E: 24, O: 394
30, 6, -1.0 - C: 74, E: 22, O: 387
30, 6, 0.0 - C: 74, E: 21, O: 388
30, 6, 1.0 - C: 84, E: 17, O: 382
30, 6, 2.0 - C: 88, E: 15, O: 380
30, 7, -2.0 - C: 64, E: 24, O: 395
30, 7, -1.0 - C: 72, E: 22, O: 389
30, 7, 0.0 - C: 73, E: 21, O: 389
30, 7, 1.0 - C: 83, E: 17, O: 383
30, 7, 2.0 - C: 87, E: 15, O: 381
30, 8, -2.0 - C: 60, E: 23, O: 400
30, 8, -1.0 - C: 69, E: 22, O: 392
30, 8, 0.0 - C: 71, E: 21, O: 391
30, 8, 1.0 - C: 81, E: 17, O: 385
30, 8, 2.0 - C: 85, E: 15, O: 383
30, 9, -2.0 - C: 57, E: 23, O: 403
30, 9, -1.0 - C: 67, E: 22, O: 394
30, 9, 0.0 - C: 71, E: 21, O: 391
30, 9, 1.0 - C: 81, E: 16, O: 386
30, 9, 2.0 - C: 83, E: 15, O: 385
30, 10, -2.0 - C: 52, E: 21, O: 410
30, 10, -1.0 - C: 62, E: 20, O: 401
30, 10, 0.0 - C: 66, E: 19, O: 398
30, 10, 1.0 - C: 74, E: 13, O: 396
30, 10, 2.0 - C: 75, E: 14, O: 394
40, 5, -2.0 - C: 67, E: 19, O: 397
40, 5, -1.0 - C: 76, E: 17, O: 390
40, 5, 0.0 - C: 76, E: 18, O: 389
40, 5, 1.0 - C: 86, E: 15, O: 382
40, 5, 2.0 - C: 89, E: 14, O: 380
40, 6, -2.0 - C: 65, E: 19, O: 399
40, 6, -1.0 - C: 74, E: 17, O: 392
40, 6, 0.0 - C: 74, E: 18, O: 391
40, 6, 1.0 - C: 84, E: 15, O: 384
40, 6, 2.0 - C: 88, E: 14, O: 381
40, 7, -2.0 - C: 64, E: 19, O: 400
40, 7, -1.0 - C: 72, E: 17, O: 394
40, 7, 0.0 - C: 73, E: 18, O: 392
40, 7, 1.0 - C: 83, E: 15, O: 385
40, 7, 2.0 - C: 87, E: 14, O: 382
40, 8, -2.0 - C: 60, E: 19, O: 404
40, 8, -1.0 - C: 69, E: 17, O: 397
40, 8, 0.0 - C: 71, E: 18, O: 394
40, 8, 1.0 - C: 81, E: 15, O: 387
40, 8, 2.0 - C: 85, E: 14, O: 384
40, 9, -2.0 - C: 57, E: 19, O: 407
40, 9, -1.0 - C: 67, E: 17, O: 399
40, 9, 0.0 - C: 71, E: 18, O: 394
40, 9, 1.0 - C: 81, E: 14, O: 388
40, 9, 2.0 - C: 83, E: 14, O: 386
40, 10, -2.0 - C: 52, E: 17, O: 414
40, 10, -1.0 - C: 62, E: 15, O: 406
40, 10, 0.0 - C: 66, E: 16, O: 401
40, 10, 1.0 - C: 74, E: 11, O: 398
40, 10, 2.0 - C: 75, E: 13, O: 395
50, 5, -2.0 - C: 67, E: 17, O: 399
50, 5, -1.0 - C: 76, E: 14, O: 393
50, 5, 0.0 - C: 76, E: 16, O: 391
50, 5, 1.0 - C: 86, E: 14, O: 383
50, 5, 2.0 - C: 89, E: 12, O: 382
50, 6, -2.0 - C: 65, E: 17, O: 401
50, 6, -1.0 - C: 74, E: 14, O: 395
50, 6, 0.0 - C: 74, E: 16, O: 393
50, 6, 1.0 - C: 84, E: 14, O: 385
50, 6, 2.0 - C: 88, E: 12, O: 383
50, 7, -2.0 - C: 64, E: 17, O: 402
50, 7, -1.0 - C: 72, E: 14, O: 397
50, 7, 0.0 - C: 73, E: 16, O: 394
50, 7, 1.0 - C: 83, E: 14, O: 386
50, 7, 2.0 - C: 87, E: 12, O: 384
50, 8, -2.0 - C: 60, E: 17, O: 406
50, 8, -1.0 - C: 69, E: 14, O: 400
50, 8, 0.0 - C: 71, E: 16, O: 396
50, 8, 1.0 - C: 81, E: 14, O: 388
50, 8, 2.0 - C: 85, E: 12, O: 386
50, 9, -2.0 - C: 57, E: 17, O: 409
50, 9, -1.0 - C: 67, E: 14, O: 402
50, 9, 0.0 - C: 71, E: 16, O: 396
50, 9, 1.0 - C: 81, E: 13, O: 389
50, 9, 2.0 - C: 83, E: 12, O: 388
50, 10, -2.0 - C: 52, E: 15, O: 416
50, 10, -1.0 - C: 62, E: 12, O: 409
50, 10, 0.0 - C: 66, E: 14, O: 403
50, 10, 1.0 - C: 74, E: 10, O: 399
50, 10, 2.0 - C: 75, E: 11, O: 397
