number of genes: 16598
number of nodes: 533
Overlap: 482
10, 5, -2.0 - C: 55, E: 54, O: 373
10, 5, -1.0 - C: 59, E: 54, O: 369
10, 5, 0.0 - C: 67, E: 53, O: 362
10, 5, 1.0 - C: 73, E: 49, O: 360
10, 5, 2.0 - C: 80, E: 51, O: 351
10, 6, -2.0 - C: 53, E: 54, O: 375
10, 6, -1.0 - C: 58, E: 54, O: 370
10, 6, 0.0 - C: 65, E: 53, O: 364
10, 6, 1.0 - C: 71, E: 49, O: 362
10, 6, 2.0 - C: 78, E: 51, O: 353
10, 7, -2.0 - C: 48, E: 53, O: 381
10, 7, -1.0 - C: 54, E: 53, O: 375
10, 7, 0.0 - C: 61, E: 53, O: 368
10, 7, 1.0 - C: 68, E: 49, O: 365
10, 7, 2.0 - C: 76, E: 51, O: 355
10, 8, -2.0 - C: 47, E: 52, O: 383
10, 8, -1.0 - C: 52, E: 52, O: 378
10, 8, 0.0 - C: 58, E: 52, O: 372
10, 8, 1.0 - C: 65, E: 48, O: 369
10, 8, 2.0 - C: 73, E: 50, O: 359
10, 9, -2.0 - C: 47, E: 50, O: 385
10, 9, -1.0 - C: 50, E: 51, O: 381
10, 9, 0.0 - C: 56, E: 52, O: 374
10, 9, 1.0 - C: 63, E: 48, O: 371
10, 9, 2.0 - C: 70, E: 50, O: 362
10, 10, -2.0 - C: 45, E: 48, O: 389
10, 10, -1.0 - C: 48, E: 50, O: 384
10, 10, 0.0 - C: 54, E: 51, O: 377
10, 10, 1.0 - C: 62, E: 47, O: 373
10, 10, 2.0 - C: 68, E: 48, O: 366
20, 5, -2.0 - C: 55, E: 54, O: 373
20, 5, -1.0 - C: 59, E: 54, O: 369
20, 5, 0.0 - C: 67, E: 53, O: 362
20, 5, 1.0 - C: 73, E: 49, O: 360
20, 5, 2.0 - C: 80, E: 51, O: 351
20, 6, -2.0 - C: 53, E: 54, O: 375
20, 6, -1.0 - C: 58, E: 54, O: 370
20, 6, 0.0 - C: 65, E: 53, O: 364
20, 6, 1.0 - C: 71, E: 49, O: 362
20, 6, 2.0 - C: 78, E: 51, O: 353
20, 7, -2.0 - C: 48, E: 53, O: 381
20, 7, -1.0 - C: 54, E: 53, O: 375
20, 7, 0.0 - C: 61, E: 53, O: 368
20, 7, 1.0 - C: 68, E: 49, O: 365
20, 7, 2.0 - C: 76, E: 51, O: 355
20, 8, -2.0 - C: 47, E: 52, O: 383
20, 8, -1.0 - C: 52, E: 52, O: 378
20, 8, 0.0 - C: 58, E: 52, O: 372
20, 8, 1.0 - C: 65, E: 48, O: 369
20, 8, 2.0 - C: 73, E: 50, O: 359
20, 9, -2.0 - C: 47, E: 50, O: 385
20, 9, -1.0 - C: 50, E: 51, O: 381
20, 9, 0.0 - C: 56, E: 52, O: 374
20, 9, 1.0 - C: 63, E: 48, O: 371
20, 9, 2.0 - C: 70, E: 50, O: 362
20, 10, -2.0 - C: 45, E: 48, O: 389
20, 10, -1.0 - C: 48, E: 50, O: 384
20, 10, 0.0 - C: 54, E: 51, O: 377
20, 10, 1.0 - C: 62, E: 47, O: 373
20, 10, 2.0 - C: 68, E: 48, O: 366
30, 5, -2.0 - C: 55, E: 39, O: 388
30, 5, -1.0 - C: 59, E: 40, O: 383
30, 5, 0.0 - C: 67, E: 37, O: 378
30, 5, 1.0 - C: 73, E: 35, O: 374
30, 5, 2.0 - C: 80, E: 35, O: 367
30, 6, -2.0 - C: 53, E: 39, O: 390
30, 6, -1.0 - C: 58, E: 40, O: 384
30, 6, 0.0 - C: 65, E: 37, O: 380
30, 6, 1.0 - C: 71, E: 35, O: 376
30, 6, 2.0 - C: 78, E: 35, O: 369
30, 7, -2.0 - C: 48, E: 38, O: 396
30, 7, -1.0 - C: 54, E: 39, O: 389
30, 7, 0.0 - C: 61, E: 37, O: 384
30, 7, 1.0 - C: 68, E: 35, O: 379
30, 7, 2.0 - C: 76, E: 35, O: 371
30, 8, -2.0 - C: 47, E: 37, O: 398
30, 8, -1.0 - C: 52, E: 38, O: 392
30, 8, 0.0 - C: 58, E: 36, O: 388
30, 8, 1.0 - C: 65, E: 34, O: 383
30, 8, 2.0 - C: 73, E: 34, O: 375
30, 9, -2.0 - C: 47, E: 35, O: 400
30, 9, -1.0 - C: 50, E: 37, O: 395
30, 9, 0.0 - C: 56, E: 36, O: 390
30, 9, 1.0 - C: 63, E: 34, O: 385
30, 9, 2.0 - C: 70, E: 34, O: 378
30, 10, -2.0 - C: 45, E: 34, O: 403
30, 10, -1.0 - C: 48, E: 36, O: 398
30, 10, 0.0 - C: 54, E: 35, O: 393
30, 10, 1.0 - C: 62, E: 33, O: 387
30, 10, 2.0 - C: 68, E: 34, O: 380
40, 5, -2.0 - C: 55, E: 29, O: 398
40, 5, -1.0 - C: 59, E: 31, O: 392
40, 5, 0.0 - C: 67, E: 30, O: 385
40, 5, 1.0 - C: 73, E: 27, O: 382
40, 5, 2.0 - C: 80, E: 28, O: 374
40, 6, -2.0 - C: 53, E: 29, O: 400
40, 6, -1.0 - C: 58, E: 31, O: 393
40, 6, 0.0 - C: 65, E: 30, O: 387
40, 6, 1.0 - C: 71, E: 27, O: 384
40, 6, 2.0 - C: 78, E: 28, O: 376
40, 7, -2.0 - C: 48, E: 28, O: 406
40, 7, -1.0 - C: 54, E: 30, O: 398
40, 7, 0.0 - C: 61, E: 30, O: 391
40, 7, 1.0 - C: 68, E: 27, O: 387
40, 7, 2.0 - C: 76, E: 28, O: 378
40, 8, -2.0 - C: 47, E: 28, O: 407
40, 8, -1.0 - C: 52, E: 29, O: 401
40, 8, 0.0 - C: 58, E: 29, O: 395
40, 8, 1.0 - C: 65, E: 26, O: 391
40, 8, 2.0 - C: 73, E: 27, O: 382
40, 9, -2.0 - C: 47, E: 27, O: 408
40, 9, -1.0 - C: 50, E: 28, O: 404
40, 9, 0.0 - C: 56, E: 29, O: 397
40, 9, 1.0 - C: 63, E: 26, O: 393
40, 9, 2.0 - C: 70, E: 27, O: 385
40, 10, -2.0 - C: 45, E: 26, O: 411
40, 10, -1.0 - C: 48, E: 27, O: 407
40, 10, 0.0 - C: 54, E: 28, O: 400
40, 10, 1.0 - C: 62, E: 25, O: 395
40, 10, 2.0 - C: 68, E: 27, O: 387
50, 5, -2.0 - C: 55, E: 24, O: 403
50, 5, -1.0 - C: 59, E: 26, O: 397
50, 5, 0.0 - C: 67, E: 25, O: 390
50, 5, 1.0 - C: 73, E: 22, O: 387
50, 5, 2.0 - C: 80, E: 23, O: 379
50, 6, -2.0 - C: 53, E: 24, O: 405
50, 6, -1.0 - C: 58, E: 26, O: 398
50, 6, 0.0 - C: 65, E: 25, O: 392
50, 6, 1.0 - C: 71, E: 22, O: 389
50, 6, 2.0 - C: 78, E: 23, O: 381
50, 7, -2.0 - C: 48, E: 23, O: 411
50, 7, -1.0 - C: 54, E: 25, O: 403
50, 7, 0.0 - C: 61, E: 25, O: 396
50, 7, 1.0 - C: 68, E: 22, O: 392
50, 7, 2.0 - C: 76, E: 23, O: 383
50, 8, -2.0 - C: 47, E: 23, O: 412
50, 8, -1.0 - C: 52, E: 24, O: 406
50, 8, 0.0 - C: 58, E: 24, O: 400
50, 8, 1.0 - C: 65, E: 21, O: 396
50, 8, 2.0 - C: 73, E: 22, O: 387
50, 9, -2.0 - C: 47, E: 22, O: 413
50, 9, -1.0 - C: 50, E: 23, O: 409
50, 9, 0.0 - C: 56, E: 24, O: 402
50, 9, 1.0 - C: 63, E: 21, O: 398
50, 9, 2.0 - C: 70, E: 22, O: 390
50, 10, -2.0 - C: 45, E: 21, O: 416
50, 10, -1.0 - C: 48, E: 22, O: 412
50, 10, 0.0 - C: 54, E: 23, O: 405
50, 10, 1.0 - C: 62, E: 20, O: 400
50, 10, 2.0 - C: 68, E: 22, O: 392
